<?xml version="1.0" encoding="UTF-8"?>
<!-- Generated by org.testng.reporters.JUnitXMLReporter -->
<testsuite ignored="0" hostname="Harish-kumar" failures="0" tests="6" name="Default test" time="29.455" errors="0" timestamp="2023-08-01T14:40:06 IST">
  <testcase classname="com.ecommerce.flipkartTest" name="loadtime" time="0.696"/>
  <testcase classname="com.ecommerce.flipkartTest" name="searchProduct" time="5.896"/>
  <testcase classname="com.ecommerce.flipkartTest" name="imageVisiblity" time="5.271"/>
  <testcase classname="com.ecommerce.flipkartTest" name="scrollFeature" time="2.822"/>
  <testcase classname="com.ecommerce.flipkartTest" name="scrollToEnd" time="0.7"/>
  <testcase classname="com.ecommerce.flipkartTest" name="TestOnDifferentBrowser" time="13.909"/>
</testsuite> <!-- Default test -->
