<?xml version="1.0" encoding="UTF-8"?>
<!-- Generated by org.testng.reporters.JUnitXMLReporter -->
<testsuite ignored="0" hostname="Harish-kumar" failures="0" tests="7" name="Default test" time="33.703" errors="0" timestamp="2023-08-01T15:28:06 IST">
  <testcase classname="com.ecommerce.flipkartTest" name="loadtime" time="0.58"/>
  <testcase classname="com.ecommerce.flipkartTest" name="searchProduct" time="5.305"/>
  <testcase classname="com.ecommerce.flipkartTest" name="imageVisiblity" time="3.408"/>
  <testcase classname="com.ecommerce.flipkartTest" name="scrollFeature" time="2.271"/>
  <testcase classname="com.ecommerce.flipkartTest" name="frequencyOfContentReload" time="10.447"/>
  <testcase classname="com.ecommerce.flipkartTest" name="scrollToEnd" time="0.466"/>
  <testcase classname="com.ecommerce.flipkartTest" name="TestOnDifferentBrowser" time="11.12"/>
</testsuite> <!-- Default test -->
