<?xml version="1.0" encoding="UTF-8"?>
<!-- Generated by org.testng.reporters.JUnitXMLReporter -->
<testsuite ignored="0" hostname="Harish-kumar" failures="1" tests="6" name="Test" time="26.725" errors="0" timestamp="2023-08-01T13:01:19 IST">
  <testcase classname="com.ecommerce.flipkartTest" name="imageVisiblity" time="3.77"/>
  <testcase classname="com.ecommerce.flipkartTest" name="loadtime" time="0.425"/>
  <testcase classname="com.ecommerce.flipkartTest" name="scrollFeature" time="2.379"/>
  <testcase classname="com.ecommerce.flipkartTest" name="scrollToEnd" time="0.486"/>
  <testcase classname="com.ecommerce.flipkartTest" name="searchProduct" time="5.294"/>
  <testcase classname="com.ecommerce.flipkartTest" name="TestOnDifferentBrowser" time="14.242">
    <failure type="java.lang.AssertionError" message="expected [(1291, 747)] but found [(1552, 840)]">
      <![CDATA[java.lang.AssertionError: expected [(1291, 747)] but found [(1552, 840)]
at com.ecommerce.flipkartTest.TestOnDifferentBrowser(flipkartTest.java:139)
at java.base/java.util.ArrayList.forEach(ArrayList.java:1511)
... Removed 32 stack frames]]>
    </failure>
  </testcase> <!-- TestOnDifferentBrowser -->
</testsuite> <!-- Test -->
