<?xml version="1.0" encoding="UTF-8"?>
<!-- Generated by org.testng.reporters.JUnitXMLReporter -->
<testsuite ignored="0" hostname="Harish-kumar" failures="0" tests="8" name="Test" time="30.849" errors="0" timestamp="2023-08-01T16:03:13 IST">
  <testcase classname="com.ecommerce.flipkartTest" name="loadtime" time="0.524"/>
  <testcase classname="com.ecommerce.flipkartTest" name="searchProduct" time="5.519"/>
  <testcase classname="com.ecommerce.flipkartTest" name="imageVisiblity" time="3.668"/>
  <testcase classname="com.ecommerce.flipkartTest" name="scrollFeature" time="2.307"/>
  <testcase classname="com.ecommerce.flipkartTest" name="frequencyOfContentReload" time="3.744"/>
  <testcase classname="com.ecommerce.flipkartTest" name="verifyImageDownload" time="0.01"/>
  <testcase classname="com.ecommerce.flipkartTest" name="scrollToEnd" time="3.286"/>
  <testcase classname="com.ecommerce.flipkartTest" name="TestOnDifferentBrowser" time="11.615"/>
</testsuite> <!-- Test -->
