<?xml version="1.0" encoding="UTF-8"?>
<testng-results ignored="0" total="7" passed="7" failed="0" skipped="0">
  <reporter-output>
  </reporter-output>
  <suite started-at="2023-08-01T15:27:32 IST" name="Default suite" finished-at="2023-08-01T15:28:06 IST" duration-ms="33703">
    <groups>
      <group name="test4">
        <method signature="flipkartTest.frequencyOfContentReload()[pri:0, instance:com.ecommerce.flipkartTest@17f62e33]" name="frequencyOfContentReload" class="com.ecommerce.flipkartTest"/>
      </group> <!-- test4 -->
      <group name="test5">
        <method signature="flipkartTest.scrollToEnd()[pri:0, instance:com.ecommerce.flipkartTest@17f62e33]" name="scrollToEnd" class="com.ecommerce.flipkartTest"/>
      </group> <!-- test5 -->
      <group name="test2">
        <method signature="flipkartTest.imageVisiblity()[pri:0, instance:com.ecommerce.flipkartTest@17f62e33]" name="imageVisiblity" class="com.ecommerce.flipkartTest"/>
      </group> <!-- test2 -->
      <group name="test3">
        <method signature="flipkartTest.scrollFeature()[pri:0, instance:com.ecommerce.flipkartTest@17f62e33]" name="scrollFeature" class="com.ecommerce.flipkartTest"/>
      </group> <!-- test3 -->
      <group name="flipKart">
        <method signature="flipkartTest.loadtime()[pri:0, instance:com.ecommerce.flipkartTest@17f62e33]" name="loadtime" class="com.ecommerce.flipkartTest"/>
      </group> <!-- flipKart -->
      <group name="test6">
        <method signature="flipkartTest.TestOnDifferentBrowser()[pri:0, instance:com.ecommerce.flipkartTest@17f62e33]" name="TestOnDifferentBrowser" class="com.ecommerce.flipkartTest"/>
      </group> <!-- test6 -->
      <group name="test1">
        <method signature="flipkartTest.searchProduct()[pri:0, instance:com.ecommerce.flipkartTest@17f62e33]" name="searchProduct" class="com.ecommerce.flipkartTest"/>
      </group> <!-- test1 -->
    </groups>
    <test started-at="2023-08-01T15:27:32 IST" name="Default test" finished-at="2023-08-01T15:28:06 IST" duration-ms="33703">
      <class name="com.ecommerce.flipkartTest">
        <test-method is-config="true" signature="beforeSuite()[pri:0, instance:com.ecommerce.flipkartTest@17f62e33]" started-at="2023-08-01T15:27:22 IST" name="beforeSuite" finished-at="2023-08-01T15:27:32 IST" duration-ms="10165" status="PASS">
          <reporter-output>
          </reporter-output>
        </test-method> <!-- beforeSuite -->
        <test-method signature="loadtime()[pri:0, instance:com.ecommerce.flipkartTest@17f62e33]" started-at="2023-08-01T15:27:32 IST" name="loadtime" finished-at="2023-08-01T15:27:33 IST" duration-ms="580" status="PASS">
          <reporter-output>
          </reporter-output>
        </test-method> <!-- loadtime -->
        <test-method signature="searchProduct()[pri:0, instance:com.ecommerce.flipkartTest@17f62e33]" started-at="2023-08-01T15:27:33 IST" name="searchProduct" finished-at="2023-08-01T15:27:38 IST" duration-ms="5305" status="PASS">
          <reporter-output>
          </reporter-output>
        </test-method> <!-- searchProduct -->
        <test-method signature="imageVisiblity()[pri:0, instance:com.ecommerce.flipkartTest@17f62e33]" started-at="2023-08-01T15:27:38 IST" name="imageVisiblity" depends-on-groups="test1" finished-at="2023-08-01T15:27:41 IST" duration-ms="3408" status="PASS">
          <reporter-output>
          </reporter-output>
        </test-method> <!-- imageVisiblity -->
        <test-method signature="scrollFeature()[pri:0, instance:com.ecommerce.flipkartTest@17f62e33]" started-at="2023-08-01T15:27:41 IST" name="scrollFeature" depends-on-groups="test2" finished-at="2023-08-01T15:27:44 IST" duration-ms="2271" status="PASS">
          <reporter-output>
          </reporter-output>
        </test-method> <!-- scrollFeature -->
        <test-method signature="frequencyOfContentReload()[pri:0, instance:com.ecommerce.flipkartTest@17f62e33]" started-at="2023-08-01T15:27:44 IST" name="frequencyOfContentReload" depends-on-groups="test3" finished-at="2023-08-01T15:27:54 IST" duration-ms="10447" status="PASS">
          <reporter-output>
          </reporter-output>
        </test-method> <!-- frequencyOfContentReload -->
        <test-method signature="scrollToEnd()[pri:0, instance:com.ecommerce.flipkartTest@17f62e33]" started-at="2023-08-01T15:27:54 IST" name="scrollToEnd" depends-on-groups="test4" finished-at="2023-08-01T15:27:55 IST" duration-ms="466" status="PASS">
          <reporter-output>
          </reporter-output>
        </test-method> <!-- scrollToEnd -->
        <test-method signature="TestOnDifferentBrowser()[pri:0, instance:com.ecommerce.flipkartTest@17f62e33]" started-at="2023-08-01T15:27:55 IST" name="TestOnDifferentBrowser" depends-on-groups="test5" finished-at="2023-08-01T15:28:06 IST" duration-ms="11120" status="PASS">
          <reporter-output>
          </reporter-output>
        </test-method> <!-- TestOnDifferentBrowser -->
        <test-method is-config="true" signature="afterSuite()[pri:0, instance:com.ecommerce.flipkartTest@17f62e33]" started-at="2023-08-01T15:28:06 IST" name="afterSuite" finished-at="2023-08-01T15:28:08 IST" duration-ms="2087" status="PASS">
          <reporter-output>
          </reporter-output>
        </test-method> <!-- afterSuite -->
      </class> <!-- com.ecommerce.flipkartTest -->
    </test> <!-- Default test -->
  </suite> <!-- Default suite -->
</testng-results>
