<?xml version="1.0" encoding="UTF-8"?>
<testng-results ignored="0" total="6" passed="6" failed="0" skipped="0">
  <reporter-output>
  </reporter-output>
  <suite started-at="2023-08-01T14:47:42 IST" name="Default suite" finished-at="2023-08-01T14:48:11 IST" duration-ms="29131">
    <groups>
      <group name="test4">
        <method signature="flipkartTest.scrollToEnd()[pri:0, instance:com.ecommerce.flipkartTest@74ea2410]" name="scrollToEnd" class="com.ecommerce.flipkartTest"/>
      </group> <!-- test4 -->
      <group name="test5">
        <method signature="flipkartTest.TestOnDifferentBrowser()[pri:0, instance:com.ecommerce.flipkartTest@74ea2410]" name="TestOnDifferentBrowser" class="com.ecommerce.flipkartTest"/>
      </group> <!-- test5 -->
      <group name="test2">
        <method signature="flipkartTest.imageVisiblity()[pri:0, instance:com.ecommerce.flipkartTest@74ea2410]" name="imageVisiblity" class="com.ecommerce.flipkartTest"/>
      </group> <!-- test2 -->
      <group name="test3">
        <method signature="flipkartTest.scrollFeature()[pri:0, instance:com.ecommerce.flipkartTest@74ea2410]" name="scrollFeature" class="com.ecommerce.flipkartTest"/>
      </group> <!-- test3 -->
      <group name="flipKart">
        <method signature="flipkartTest.loadtime()[pri:0, instance:com.ecommerce.flipkartTest@74ea2410]" name="loadtime" class="com.ecommerce.flipkartTest"/>
      </group> <!-- flipKart -->
      <group name="test1">
        <method signature="flipkartTest.searchProduct()[pri:0, instance:com.ecommerce.flipkartTest@74ea2410]" name="searchProduct" class="com.ecommerce.flipkartTest"/>
      </group> <!-- test1 -->
    </groups>
    <test started-at="2023-08-01T14:47:42 IST" name="Default test" finished-at="2023-08-01T14:48:11 IST" duration-ms="29131">
      <class name="com.ecommerce.flipkartTest">
        <test-method is-config="true" signature="beforeSuite()[pri:0, instance:com.ecommerce.flipkartTest@74ea2410]" started-at="2023-08-01T14:47:24 IST" name="beforeSuite" finished-at="2023-08-01T14:47:42 IST" duration-ms="17526" status="PASS">
          <reporter-output>
          </reporter-output>
        </test-method> <!-- beforeSuite -->
        <test-method signature="loadtime()[pri:0, instance:com.ecommerce.flipkartTest@74ea2410]" started-at="2023-08-01T14:47:42 IST" name="loadtime" finished-at="2023-08-01T14:47:43 IST" duration-ms="930" status="PASS">
          <reporter-output>
          </reporter-output>
        </test-method> <!-- loadtime -->
        <test-method signature="searchProduct()[pri:0, instance:com.ecommerce.flipkartTest@74ea2410]" started-at="2023-08-01T14:47:43 IST" name="searchProduct" finished-at="2023-08-01T14:47:49 IST" duration-ms="5891" status="PASS">
          <reporter-output>
          </reporter-output>
        </test-method> <!-- searchProduct -->
        <test-method signature="imageVisiblity()[pri:0, instance:com.ecommerce.flipkartTest@74ea2410]" started-at="2023-08-01T14:47:49 IST" name="imageVisiblity" depends-on-groups="test1" finished-at="2023-08-01T14:47:54 IST" duration-ms="5059" status="PASS">
          <reporter-output>
          </reporter-output>
        </test-method> <!-- imageVisiblity -->
        <test-method signature="scrollFeature()[pri:0, instance:com.ecommerce.flipkartTest@74ea2410]" started-at="2023-08-01T14:47:54 IST" name="scrollFeature" depends-on-groups="test2" finished-at="2023-08-01T14:47:57 IST" duration-ms="2667" status="PASS">
          <reporter-output>
          </reporter-output>
        </test-method> <!-- scrollFeature -->
        <test-method signature="scrollToEnd()[pri:0, instance:com.ecommerce.flipkartTest@74ea2410]" started-at="2023-08-01T14:47:57 IST" name="scrollToEnd" depends-on-groups="test3" finished-at="2023-08-01T14:47:57 IST" duration-ms="796" status="PASS">
          <reporter-output>
          </reporter-output>
        </test-method> <!-- scrollToEnd -->
        <test-method signature="TestOnDifferentBrowser()[pri:0, instance:com.ecommerce.flipkartTest@74ea2410]" started-at="2023-08-01T14:47:57 IST" name="TestOnDifferentBrowser" depends-on-groups="test4" finished-at="2023-08-01T14:48:11 IST" duration-ms="13568" status="PASS">
          <reporter-output>
          </reporter-output>
        </test-method> <!-- TestOnDifferentBrowser -->
        <test-method is-config="true" signature="afterSuite()[pri:0, instance:com.ecommerce.flipkartTest@74ea2410]" started-at="2023-08-01T14:48:11 IST" name="afterSuite" finished-at="2023-08-01T14:48:17 IST" duration-ms="6159" status="PASS">
          <reporter-output>
          </reporter-output>
        </test-method> <!-- afterSuite -->
      </class> <!-- com.ecommerce.flipkartTest -->
    </test> <!-- Default test -->
  </suite> <!-- Default suite -->
</testng-results>
